<?xml version="1.0" encoding="UTF-8"?>
<testng-results skipped="0" failed="1" total="5" passed="4">
  <reporter-output>
  </reporter-output>
  <suite name="Identity-connector-scim2-test-suite" duration-ms="55873" started-at="2018-04-11T05:51:55Z" finished-at="2018-04-11T05:52:51Z">
    <groups>
    </groups>
    <test name="scim2-authenticator-all" duration-ms="55873" started-at="2018-04-11T05:51:55Z" finished-at="2018-04-11T05:52:51Z">
      <class name="org.wso2.carbon.identity.provisioning.connector.scim2.test.SCIMClaimResolverTest">
        <test-method status="PASS" signature="setUp()[pri:0, instance:org.wso2.carbon.identity.provisioning.connector.scim2.test.SCIMClaimResolverTest@e4b6f47]" name="setUp" is-config="true" duration-ms="1" started-at="2018-04-11T11:22:51Z" finished-at="2018-04-11T11:22:51Z">
          <reporter-output>
          </reporter-output>
        </test-method> <!-- setUp -->
        <test-method status="PASS" signature="testGetResourceSchema()[pri:0, instance:org.wso2.carbon.identity.provisioning.connector.scim2.test.SCIMClaimResolverTest@e4b6f47]" name="testGetResourceSchema" duration-ms="30" started-at="2018-04-11T11:22:51Z" finished-at="2018-04-11T11:22:51Z">
          <reporter-output>
          </reporter-output>
        </test-method> <!-- testGetResourceSchema -->
        <test-method status="PASS" signature="tearDown()[pri:0, instance:org.wso2.carbon.identity.provisioning.connector.scim2.test.SCIMClaimResolverTest@e4b6f47]" name="tearDown" is-config="true" duration-ms="0" started-at="2018-04-11T11:22:51Z" finished-at="2018-04-11T11:22:51Z">
          <reporter-output>
          </reporter-output>
        </test-method> <!-- tearDown -->
      </class> <!-- org.wso2.carbon.identity.provisioning.connector.scim2.test.SCIMClaimResolverTest -->
      <class name="org.wso2.carbon.identity.provisioning.connector.scim2.test.SCIM2ProvisioningConnectorTest">
        <test-method status="PASS" signature="setUp()[pri:0, instance:org.wso2.carbon.identity.provisioning.connector.scim2.test.SCIM2ProvisioningConnectorTest@4dc8c0ea]" name="setUp" is-config="true" duration-ms="41" started-at="2018-04-11T11:21:56Z" finished-at="2018-04-11T11:21:56Z">
          <reporter-output>
          </reporter-output>
        </test-method> <!-- setUp -->
        <test-method status="FAIL" signature="testCreateUser()[pri:0, instance:org.wso2.carbon.identity.provisioning.connector.scim2.test.SCIM2ProvisioningConnectorTest@4dc8c0ea]" name="testCreateUser" duration-ms="54934" started-at="2018-04-11T11:21:56Z" finished-at="2018-04-11T11:22:51Z">
          <exception class="org.wso2.carbon.identity.provisioning.IdentityProvisioningException">
            <message>
              <![CDATA[Error while creating the user : testUser]]>
            </message>
            <full-stacktrace>
              <![CDATA[org.wso2.carbon.identity.provisioning.IdentityProvisioningException: Error while creating the user : testUser
	at org.wso2.carbon.identity.provisioning.connector.scim2.SCIM2ProvisioningConnector.createUser(SCIM2ProvisioningConnector.java:171)
	at sun.reflect.NativeMethodAccessorImpl.invoke0(Native Method)
	at sun.reflect.NativeMethodAccessorImpl.invoke(NativeMethodAccessorImpl.java:62)
	at sun.reflect.DelegatingMethodAccessorImpl.invoke(DelegatingMethodAccessorImpl.java:43)
	at java.lang.reflect.Method.invoke(Method.java:497)
	at org.powermock.reflect.internal.WhiteboxImpl.performMethodInvocation(WhiteboxImpl.java:1899)
	at org.powermock.reflect.internal.WhiteboxImpl.doInvokeMethod(WhiteboxImpl.java:801)
	at org.powermock.reflect.internal.WhiteboxImpl.invokeMethod(WhiteboxImpl.java:666)
	at org.powermock.reflect.Whitebox.invokeMethod(Whitebox.java:401)
	at org.wso2.carbon.identity.provisioning.connector.scim2.test.SCIM2ProvisioningConnectorTest.testCreateUser(SCIM2ProvisioningConnectorTest.java:114)
	at sun.reflect.NativeMethodAccessorImpl.invoke0(Native Method)
	at sun.reflect.NativeMethodAccessorImpl.invoke(NativeMethodAccessorImpl.java:62)
	at sun.reflect.DelegatingMethodAccessorImpl.invoke(DelegatingMethodAccessorImpl.java:43)
	at java.lang.reflect.Method.invoke(Method.java:497)
	at org.testng.internal.MethodInvocationHelper.invokeMethod(MethodInvocationHelper.java:86)
	at org.testng.internal.Invoker.invokeMethod(Invoker.java:643)
	at org.testng.internal.Invoker.invokeTestMethod(Invoker.java:820)
	at org.testng.internal.Invoker.invokeTestMethods(Invoker.java:1128)
	at org.testng.internal.TestMethodWorker.invokeTestMethods(TestMethodWorker.java:129)
	at org.testng.internal.TestMethodWorker.run(TestMethodWorker.java:112)
	at org.testng.TestRunner.privateRun(TestRunner.java:782)
	at org.testng.TestRunner.run(TestRunner.java:632)
	at org.testng.SuiteRunner.runTest(SuiteRunner.java:366)
	at org.testng.SuiteRunner.runSequentially(SuiteRunner.java:361)
	at org.testng.SuiteRunner.privateRun(SuiteRunner.java:319)
	at org.testng.SuiteRunner.run(SuiteRunner.java:268)
	at org.testng.SuiteRunnerWorker.runSuite(SuiteRunnerWorker.java:52)
	at org.testng.SuiteRunnerWorker.run(SuiteRunnerWorker.java:86)
	at org.testng.TestNG.runSuitesSequentially(TestNG.java:1244)
	at org.testng.TestNG.runSuitesLocally(TestNG.java:1169)
	at org.testng.TestNG.run(TestNG.java:1064)
	at org.apache.maven.surefire.testng.TestNGExecutor.run(TestNGExecutor.java:295)
	at org.apache.maven.surefire.testng.TestNGXmlTestSuite.execute(TestNGXmlTestSuite.java:84)
	at org.apache.maven.surefire.testng.TestNGProvider.invoke(TestNGProvider.java:90)
	at org.apache.maven.surefire.booter.ForkedBooter.invokeProviderInSameClassLoader(ForkedBooter.java:203)
	at org.apache.maven.surefire.booter.ForkedBooter.runSuitesInProcess(ForkedBooter.java:155)
	at org.apache.maven.surefire.booter.ForkedBooter.main(ForkedBooter.java:103)
Caused by: java.lang.NullPointerException
	at org.wso2.carbon.identity.provisioning.connector.scim2.SCIM2ProvisioningConnector.setUserPassword(SCIM2ProvisioningConnector.java:363)
	at org.wso2.carbon.identity.provisioning.connector.scim2.SCIM2ProvisioningConnector.createUser(SCIM2ProvisioningConnector.java:166)
	... 36 more
]]>
            </full-stacktrace>
          </exception> <!-- org.wso2.carbon.identity.provisioning.IdentityProvisioningException -->
          <reporter-output>
          </reporter-output>
        </test-method> <!-- testCreateUser -->
        <test-method status="PASS" signature="tearDown()[pri:0, instance:org.wso2.carbon.identity.provisioning.connector.scim2.test.SCIM2ProvisioningConnectorTest@4dc8c0ea]" name="tearDown" is-config="true" duration-ms="0" started-at="2018-04-11T11:22:51Z" finished-at="2018-04-11T11:22:51Z">
          <reporter-output>
          </reporter-output>
        </test-method> <!-- tearDown -->
        <test-method status="PASS" signature="setUp()[pri:0, instance:org.wso2.carbon.identity.provisioning.connector.scim2.test.SCIM2ProvisioningConnectorTest@4dc8c0ea]" name="setUp" is-config="true" duration-ms="0" started-at="2018-04-11T11:22:51Z" finished-at="2018-04-11T11:22:51Z">
          <reporter-output>
          </reporter-output>
        </test-method> <!-- setUp -->
        <test-method status="PASS" signature="testGetConnectorType()[pri:0, instance:org.wso2.carbon.identity.provisioning.connector.scim2.test.SCIM2ProvisioningConnectorTest@4dc8c0ea]" name="testGetConnectorType" duration-ms="1" started-at="2018-04-11T11:22:51Z" finished-at="2018-04-11T11:22:51Z">
          <reporter-output>
          </reporter-output>
        </test-method> <!-- testGetConnectorType -->
        <test-method status="PASS" signature="tearDown()[pri:0, instance:org.wso2.carbon.identity.provisioning.connector.scim2.test.SCIM2ProvisioningConnectorTest@4dc8c0ea]" name="tearDown" is-config="true" duration-ms="1" started-at="2018-04-11T11:22:51Z" finished-at="2018-04-11T11:22:51Z">
          <reporter-output>
          </reporter-output>
        </test-method> <!-- tearDown -->
      </class> <!-- org.wso2.carbon.identity.provisioning.connector.scim2.test.SCIM2ProvisioningConnectorTest -->
      <class name="org.wso2.carbon.identity.provisioning.connector.scim2.test.SCIM2ProvisioningConnectorFactoryTest">
        <test-method status="PASS" signature="setUp()[pri:0, instance:org.wso2.carbon.identity.provisioning.connector.scim2.test.SCIM2ProvisioningConnectorFactoryTest@2ab5afc7]" name="setUp" is-config="true" duration-ms="622" started-at="2018-04-11T11:21:55Z" finished-at="2018-04-11T11:21:56Z">
          <reporter-output>
          </reporter-output>
        </test-method> <!-- setUp -->
        <test-method status="PASS" signature="testGetConfigurationProperties()[pri:0, instance:org.wso2.carbon.identity.provisioning.connector.scim2.test.SCIM2ProvisioningConnectorFactoryTest@2ab5afc7]" name="testGetConfigurationProperties" duration-ms="23" started-at="2018-04-11T11:21:56Z" finished-at="2018-04-11T11:21:56Z">
          <reporter-output>
          </reporter-output>
        </test-method> <!-- testGetConfigurationProperties -->
        <test-method status="PASS" signature="tearDown()[pri:0, instance:org.wso2.carbon.identity.provisioning.connector.scim2.test.SCIM2ProvisioningConnectorFactoryTest@2ab5afc7]" name="tearDown" is-config="true" duration-ms="0" started-at="2018-04-11T11:21:56Z" finished-at="2018-04-11T11:21:56Z">
          <reporter-output>
          </reporter-output>
        </test-method> <!-- tearDown -->
        <test-method status="PASS" signature="testGetConnectorType()[pri:0, instance:org.wso2.carbon.identity.provisioning.connector.scim2.test.SCIM2ProvisioningConnectorFactoryTest@2ab5afc7]" name="testGetConnectorType" duration-ms="2" started-at="2018-04-11T11:21:56Z" finished-at="2018-04-11T11:21:56Z">
          <reporter-output>
          </reporter-output>
        </test-method> <!-- testGetConnectorType -->
        <test-method status="PASS" signature="setUp()[pri:0, instance:org.wso2.carbon.identity.provisioning.connector.scim2.test.SCIM2ProvisioningConnectorFactoryTest@2ab5afc7]" name="setUp" is-config="true" duration-ms="0" started-at="2018-04-11T11:21:56Z" finished-at="2018-04-11T11:21:56Z">
          <reporter-output>
          </reporter-output>
        </test-method> <!-- setUp -->
        <test-method status="PASS" signature="tearDown()[pri:0, instance:org.wso2.carbon.identity.provisioning.connector.scim2.test.SCIM2ProvisioningConnectorFactoryTest@2ab5afc7]" name="tearDown" is-config="true" duration-ms="1" started-at="2018-04-11T11:21:56Z" finished-at="2018-04-11T11:21:56Z">
          <reporter-output>
          </reporter-output>
        </test-method> <!-- tearDown -->
      </class> <!-- org.wso2.carbon.identity.provisioning.connector.scim2.test.SCIM2ProvisioningConnectorFactoryTest -->
    </test> <!-- scim2-authenticator-all -->
  </suite> <!-- Identity-connector-scim2-test-suite -->
</testng-results>
