<?xml version="1.0" encoding="UTF-8"?>
<testsuite name="TestSuite" time="55.063" tests="5" errors="0" skipped="0" failures="1">
  <properties>
[...]
</properties>
  <testcase name="testGetConfigurationProperties" classname="org.wso2.carbon.identity.provisioning.connector.scim2.test.SCIM2ProvisioningConnectorFactoryTest" time="0.015"/>
  <testcase name="testGetConnectorType" classname="org.wso2.carbon.identity.provisioning.connector.scim2.test.SCIM2ProvisioningConnectorFactoryTest" time="0.001"/>
  <testcase name="testCreateUser" classname="org.wso2.carbon.identity.provisioning.connector.scim2.test.SCIM2ProvisioningConnectorTest" time="55.016">
    <failure message="Error while creating the user : testUser" type="org.wso2.carbon.identity.provisioning.IdentityProvisioningException">org.wso2.carbon.identity.provisioning.IdentityProvisioningException: Error while creating the user : testUser
	at org.wso2.carbon.identity.provisioning.connector.scim2.SCIM2ProvisioningConnector.setUserPassword(SCIM2ProvisioningConnector.java:363)
	at org.wso2.carbon.identity.provisioning.connector.scim2.SCIM2ProvisioningConnector.createUser(SCIM2ProvisioningConnector.java:166)
	at sun.reflect.NativeMethodAccessorImpl.invoke0(Native Method)
	at sun.reflect.NativeMethodAccessorImpl.invoke(NativeMethodAccessorImpl.java:62)
	at sun.reflect.DelegatingMethodAccessorImpl.invoke(DelegatingMethodAccessorImpl.java:43)
	at java.lang.reflect.Method.invoke(Method.java:497)
	at org.powermock.reflect.internal.WhiteboxImpl.performMethodInvocation(WhiteboxImpl.java:1899)
	at org.powermock.reflect.internal.WhiteboxImpl.doInvokeMethod(WhiteboxImpl.java:801)
	at org.powermock.reflect.internal.WhiteboxImpl.invokeMethod(WhiteboxImpl.java:666)
	at org.powermock.reflect.Whitebox.invokeMethod(Whitebox.java:401)
	at org.wso2.carbon.identity.provisioning.connector.scim2.test.SCIM2ProvisioningConnectorTest.testCreateUser(SCIM2ProvisioningConnectorTest.java:114)
</failure>
    <system-err><![CDATA[log4j:WARN No appenders could be found for logger (org.wso2.carbon.identity.provisioning.connector.scim2.util.SCIMClaimResolver).
log4j:WARN Please initialize the log4j system properly.
log4j:WARN See http://logging.apache.org/log4j/1.2/faq.html#noconfig for more info.
]]></system-err>
  </testcase>
  <testcase name="testGetConnectorType" classname="org.wso2.carbon.identity.provisioning.connector.scim2.test.SCIM2ProvisioningConnectorTest" time="0.001"/>
  <testcase name="testGetResourceSchema" classname="org.wso2.carbon.identity.provisioning.connector.scim2.test.SCIMClaimResolverTest" time="0.03"/>
</testsuite>