<?xml version="1.0" encoding="UTF-8"?>
<!-- Generated by org.testng.reporters.JUnitXMLReporter -->
<testsuite hostname="kesavan-ThinkPad-X1-Carbon-4th" name="scim2-authenticator-all" tests="5" failures="1" timestamp="11 Apr 2018 05:52:51 GMT" time="55.873" errors="0">
  <testcase name="testGetConfigurationProperties" time="0.023" classname="org.wso2.carbon.identity.provisioning.connector.scim2.test.SCIM2ProvisioningConnectorFactoryTest"/>
  <testcase name="testGetConnectorType" time="0.002" classname="org.wso2.carbon.identity.provisioning.connector.scim2.test.SCIM2ProvisioningConnectorFactoryTest"/>
  <testcase name="testCreateUser" time="54.934" classname="org.wso2.carbon.identity.provisioning.connector.scim2.test.SCIM2ProvisioningConnectorTest">
    <failure type="org.wso2.carbon.identity.provisioning.IdentityProvisioningException" message="Error while creating the user : testUser">
      <![CDATA[org.wso2.carbon.identity.provisioning.IdentityProvisioningException: Error while creating the user : testUser
	at org.wso2.carbon.identity.provisioning.connector.scim2.SCIM2ProvisioningConnector.createUser(SCIM2ProvisioningConnector.java:171)
	at org.wso2.carbon.identity.provisioning.connector.scim2.test.SCIM2ProvisioningConnectorTest.testCreateUser(SCIM2ProvisioningConnectorTest.java:114)
Caused by: java.lang.NullPointerException
	at org.wso2.carbon.identity.provisioning.connector.scim2.SCIM2ProvisioningConnector.setUserPassword(SCIM2ProvisioningConnector.java:363)
	at org.wso2.carbon.identity.provisioning.connector.scim2.SCIM2ProvisioningConnector.createUser(SCIM2ProvisioningConnector.java:166)
	... 36 more
... Removed 35 stack frames]]>
    </failure>
  </testcase> <!-- testCreateUser -->
  <testcase name="testGetConnectorType" time="0.001" classname="org.wso2.carbon.identity.provisioning.connector.scim2.test.SCIM2ProvisioningConnectorTest"/>
  <testcase name="testGetResourceSchema" time="0.03" classname="org.wso2.carbon.identity.provisioning.connector.scim2.test.SCIMClaimResolverTest"/>
</testsuite> <!-- scim2-authenticator-all -->
